0 info it worked if it ends with ok
1 verbose cli [ 'C:\\Program Files\\nodejs\\node.exe',
1 verbose cli   'C:\\Program Files\\nodejs\\node_modules\\npm\\bin\\npm-cli.js',
1 verbose cli   'start' ]
2 info using npm@3.10.10
3 info using node@v6.9.5
4 verbose run-script [ 'prestart', 'start', 'poststart' ]
5 info lifecycle ng2-sample-spa@1.0.0~prestart: ng2-sample-spa@1.0.0
6 verbose lifecycle ng2-sample-spa@1.0.0~prestart: unsafe-perm in lifecycle true
7 verbose lifecycle ng2-sample-spa@1.0.0~prestart: PATH: C:\Program Files\nodejs\node_modules\npm\bin\node-gyp-bin;E:\Education (H)\AngularJs\Angular 2.x\Projects\ng2website\node_modules\.bin;C:\ProgramData\Oracle\Java\javapath;C:\Windows\system32;C:\Windows;C:\Windows\System32\Wbem;C:\Windows\System32\WindowsPowerShell\v1.0\;C:\Program Files (x86)\Microsoft SQL Server\Client SDK\ODBC\110\Tools\Binn\;C:\Program Files (x86)\Microsoft SQL Server\120\Tools\Binn\;C:\Program Files (x86)\Microsoft SQL Server\120\DTS\Binn\;C:\Program Files (x86)\Microsoft SQL Server\120\Tools\Binn\ManagementStudio\;C:\Program Files (x86)\Microsoft SQL Server\100\Tools\Binn\;C:\Program Files\Microsoft SQL Server\100\Tools\Binn\;C:\Program Files\Microsoft SQL Server\100\DTS\Binn\;C:\Program Files (x86)\Microsoft SQL Server\110\Tools\Binn\ManagementStudio\;C:\Program Files (x86)\Microsoft SQL Server\110\Tools\Binn\;C:\Program Files (x86)\Microsoft Visual Studio 11.0\Common7\IDE\PrivateAssemblies\;C:\Program Files (x86)\Microsoft SQL Server\110\DTS\Binn\;C:\Program Files (x86)\Microsoft ASP.NET\ASP.NET Web Pages\v1.0\;C:\Program Files\Microsoft SQL Server\110\Tools\Binn\;C:\Program Files\MongoDB\Server\3.0\bin;C:\Program Files\Microsoft\Web Platform Installer\;C:\Program Files (x86)\Windows Kits\8.1\Windows Performance Toolkit\;C:\Program Files\Microsoft SQL Server\120\Tools\Binn\;C:\Program Files (x86)\Skype\Phone\;C:\Program Files\Java\jdk1.8.0_91\bin;C:\Program Files\Microsoft SQL Server\130\Tools\Binn\;C:\Program Files\dotnet\;C:\Program Files\nodejs\;C:\phantomjs-2.0.0-windows\bin;C:\Program Files\nodejs\node_modules\npm\bin;C:\Program Files (x86)\Vim\vim74;C:\Users\Sudheer\AppData\Roaming\npm;C:\Users\Sudheer\AppData\Local\Programs\Git\cmd
8 verbose lifecycle ng2-sample-spa@1.0.0~prestart: CWD: E:\Education (H)\AngularJs\Angular 2.x\Projects\ng2website
9 silly lifecycle ng2-sample-spa@1.0.0~prestart: Args: [ '/d /s /c', 'npm run clean' ]
10 silly lifecycle ng2-sample-spa@1.0.0~prestart: Returned: code: 1  signal: null
11 info lifecycle ng2-sample-spa@1.0.0~prestart: Failed to exec prestart script
12 verbose stack Error: ng2-sample-spa@1.0.0 prestart: `npm run clean`
12 verbose stack Exit status 1
12 verbose stack     at EventEmitter.<anonymous> (C:\Program Files\nodejs\node_modules\npm\lib\utils\lifecycle.js:255:16)
12 verbose stack     at emitTwo (events.js:106:13)
12 verbose stack     at EventEmitter.emit (events.js:191:7)
12 verbose stack     at ChildProcess.<anonymous> (C:\Program Files\nodejs\node_modules\npm\lib\utils\spawn.js:40:14)
12 verbose stack     at emitTwo (events.js:106:13)
12 verbose stack     at ChildProcess.emit (events.js:191:7)
12 verbose stack     at maybeClose (internal/child_process.js:877:16)
12 verbose stack     at Process.ChildProcess._handle.onexit (internal/child_process.js:226:5)
13 verbose pkgid ng2-sample-spa@1.0.0
14 verbose cwd E:\Education (H)\AngularJs\Angular 2.x\Projects\ng2website
15 error Windows_NT 6.3.9600
16 error argv "C:\\Program Files\\nodejs\\node.exe" "C:\\Program Files\\nodejs\\node_modules\\npm\\bin\\npm-cli.js" "start"
17 error node v6.9.5
18 error npm  v3.10.10
19 error code ELIFECYCLE
20 error ng2-sample-spa@1.0.0 prestart: `npm run clean`
20 error Exit status 1
21 error Failed at the ng2-sample-spa@1.0.0 prestart script 'npm run clean'.
21 error Make sure you have the latest version of node.js and npm installed.
21 error If you do, this is most likely a problem with the ng2-sample-spa package,
21 error not with npm itself.
21 error Tell the author that this fails on your system:
21 error     npm run clean
21 error You can get information on how to open an issue for this project with:
21 error     npm bugs ng2-sample-spa
21 error Or if that isn't available, you can get their info via:
21 error     npm owner ls ng2-sample-spa
21 error There is likely additional logging output above.
22 verbose exit [ 1, true ]
